<?xml version="1.0" encoding="utf-8"?><testsuites><testsuite name="pytest" errors="0" failures="0" skipped="0" tests="5" time="5.662" timestamp="2022-05-18T22:23:27.416221" hostname="Steamship.local"><testcase classname="tests.base.test_binary_utils" name="test_dump_string" time="0.000" /><testcase classname="tests.base.test_binary_utils" name="test_dump_json" time="0.001" /><testcase classname="tests.base.test_binary_utils" name="test_dump_raw_data" time="0.000" /><testcase classname="tests.base.test_task" name="test_background_task_call" time="3.312" /><testcase classname="tests.base.test_task" name="test_task_update" time="2.260" /></testsuite></testsuites>