<?xml version="1.0" encoding="utf-8"?><testsuites><testsuite name="pytest" errors="0" failures="0" skipped="0" tests="16" time="9.577" timestamp="2022-05-18T22:40:55.580766" hostname="Steamship.local"><testcase classname="tests.plugin.test_blockifier" name="test_resp" time="0.001" /><testcase classname="tests.plugin.test_corpus_importer" name="test_importer" time="0.001" /><testcase classname="tests.plugin.test_file_importer" name="test_importer" time="0.000" /><testcase classname="tests.plugin.test_response_post_update" name="test_response_post_update_fails_when_no_task_present" time="0.000" /><testcase classname="tests.plugin.test_response_post_update" name="test_response_post_update_can_update_task" time="3.333" /><testcase classname="tests.plugin.test_service" name="test_plugin_service_is_abstract" time="0.001" /><testcase classname="tests.plugin.test_service" name="test_plugin_service_must_implement_run_and_subclass_request_from_dict" time="0.001" /><testcase classname="tests.plugin.test_service" name="test_run_succeeds" time="0.001" /><testcase classname="tests.plugin.test_service" name="test_plugin_does_not_have_training_param_endpoint" time="0.001" /><testcase classname="tests.plugin.test_service" name="test_with_override_get_training_params_succeeds" time="0.001" /><testcase classname="tests.plugin.test_service" name="test_non_trainable_plugin_lacks_train" time="0.000" /><testcase classname="tests.plugin.test_service" name="test_with_override_train_succeeds" time="0.002" /><testcase classname="tests.plugin.test_tagger" name="test_parser" time="0.001" /><testcase classname="tests.plugin.test_trainable_tagger" name="test_trainable_tagger" time="0.232" /><testcase classname="tests.plugin.trainable.test_model_checkpoints" name="test_model_checkpoint_save_load" time="2.492" /><testcase classname="tests.plugin.trainable.test_model_checkpoints" name="test_model_can_save_to_and_load_from_checkpoint" time="3.355" /></testsuite></testsuites>