<?xml version="1.0" encoding="utf-8"?><testsuites><testsuite name="pytest" errors="0" failures="0" skipped="0" tests="16" time="27.593" timestamp="2022-05-25T20:51:26.648816" hostname="Steamship.local"><testcase classname="tests.tests.plugin.unit.test_blockifier" name="test_resp" time="0.001" /><testcase classname="tests.tests.plugin.unit.test_corpus_importer" name="test_importer" time="0.000" /><testcase classname="tests.tests.plugin.unit.test_file_importer" name="test_importer" time="0.000" /><testcase classname="tests.tests.plugin.unit.test_response_post_update" name="test_response_post_update_fails_when_no_task_present" time="0.001" /><testcase classname="tests.tests.plugin.unit.test_response_post_update" name="test_response_post_update_can_update_task" time="4.501" /><testcase classname="tests.tests.plugin.unit.test_service" name="test_plugin_service_is_abstract" time="0.000" /><testcase classname="tests.tests.plugin.unit.test_service" name="test_plugin_service_must_implement_run_and_subclass_request_from_dict" time="0.000" /><testcase classname="tests.tests.plugin.unit.test_service" name="test_run_succeeds" time="0.000" /><testcase classname="tests.tests.plugin.unit.test_service" name="test_plugin_does_not_have_training_param_endpoint" time="0.000" /><testcase classname="tests.tests.plugin.unit.test_service" name="test_with_override_get_training_params_succeeds" time="0.000" /><testcase classname="tests.tests.plugin.unit.test_service" name="test_non_trainable_plugin_lacks_train" time="0.001" /><testcase classname="tests.tests.plugin.unit.test_service" name="test_with_override_train_succeeds" time="0.001" /><testcase classname="tests.tests.plugin.unit.test_tagger" name="test_parser" time="0.001" /><testcase classname="tests.tests.plugin.unit.test_trainable_tagger" name="test_trainable_tagger" time="5.183" /><testcase classname="tests.tests.plugin.unit.trainable.test_model_checkpoints" name="test_model_checkpoint_save_load" time="11.319" /><testcase classname="tests.tests.plugin.unit.trainable.test_model_checkpoints" name="test_model_can_save_to_and_load_from_checkpoint" time="6.426" /></testsuite></testsuites>