<?xml version="1.0" encoding="utf-8"?><testsuites><testsuite name="pytest" errors="0" failures="0" skipped="0" tests="19" time="73.659" timestamp="2022-05-18T22:34:00.678844" hostname="Steamship.local"><testcase classname="tests.client.operations.test_blockify" name="test_file_upload_then_parse" time="4.835" /><testcase classname="tests.client.test_client" name="test_connect" time="0.001" /><testcase classname="tests.client.test_client" name="test_user" time="0.019" /><testcase classname="tests.client.operations.test_embed" name="test_basic_embeddings" time="6.442" /><testcase classname="tests.client.operations.test_embed" name="test_basic_embedding_search" time="0.115" /><testcase classname="tests.client.operations.test_embed_file" name="test_file_parse" time="7.427" /><testcase classname="tests.client.operations.test_embed_file" name="test_file_index" time="5.361" /><testcase classname="tests.client.operations.test_embed_file" name="test_file_embed_lookup" time="9.391" /><testcase classname="tests.client.operations.test_embedding_index" name="test_create_index" time="0.150" /><testcase classname="tests.client.operations.test_embedding_index" name="test_delete_index" time="0.167" /><testcase classname="tests.client.operations.test_embedding_index" name="test_insert_many" time="2.533" /><testcase classname="tests.client.operations.test_embedding_index" name="test_embed_task" time="2.271" /><testcase classname="tests.client.operations.test_embedding_index" name="test_duplicate_inserts" time="0.262" /><testcase classname="tests.client.operations.test_embedding_index" name="test_index_usage" time="2.759" /><testcase classname="tests.client.operations.test_embedding_index" name="test_multiple_queries" time="7.601" /><testcase classname="tests.client.operations.test_embedding_index" name="test_empty_queries" time="2.439" /><testcase classname="tests.client.operations.test_embedding_index_snapshot" name="test_snapshot_create" time="14.620" /><testcase classname="tests.client.operations.test_tag" name="test_parsing" time="2.125" /><testcase classname="tests.client.operations.test_tag_file" name="test_parse_file" time="4.958" /></testsuite></testsuites>